<?xml version="1.0" encoding="UTF-8"?>
<coverage generated="1628531184692" clover="3.2.0">
  <project timestamp="1628531184692" name="All files">
    <metrics statements="59" coveredstatements="59" conditionals="41" coveredconditionals="40" methods="19" coveredmethods="19" elements="119" coveredelements="118" complexity="0" loc="59" ncloc="59" packages="1" files="7" classes="7"/>
    <file name="Abs.ts" path="/home/phluxcoblt/prog/Javascript/Maths/Abs.ts">
      <metrics statements="1" coveredstatements="1" conditionals="2" coveredconditionals="2" methods="1" coveredmethods="1"/>
      <line num="19" count="2" type="cond" truecount="2" falsecount="0"/>
    </file>
    <file name="Area.ts" path="/home/phluxcoblt/prog/Javascript/Maths/Area.ts">
      <metrics statements="20" coveredstatements="20" conditionals="29" coveredconditionals="29" methods="10" coveredmethods="10"/>
      <line num="1" count="10" type="stmt"/>
      <line num="10" count="1" type="stmt"/>
      <line num="11" count="3" type="cond" truecount="2" falsecount="0"/>
      <line num="19" count="1" type="stmt"/>
      <line num="20" count="2" type="cond" truecount="2" falsecount="0"/>
      <line num="28" count="1" type="stmt"/>
      <line num="29" count="3" type="cond" truecount="4" falsecount="0"/>
      <line num="35" count="1" type="stmt"/>
      <line num="36" count="2" type="cond" truecount="2" falsecount="0"/>
      <line num="44" count="1" type="stmt"/>
      <line num="45" count="2" type="cond" truecount="4" falsecount="0"/>
      <line num="52" count="1" type="stmt"/>
      <line num="53" count="2" type="cond" truecount="4" falsecount="0"/>
      <line num="59" count="1" type="stmt"/>
      <line num="60" count="2" type="cond" truecount="5" falsecount="0"/>
      <line num="66" count="1" type="stmt"/>
      <line num="67" count="2" type="cond" truecount="2" falsecount="0"/>
      <line num="74" count="1" type="stmt"/>
      <line num="75" count="2" type="cond" truecount="4" falsecount="0"/>
      <line num="78" count="1" type="stmt"/>
    </file>
    <file name="ArmstrongNumber.ts" path="/home/phluxcoblt/prog/Javascript/Maths/ArmstrongNumber.ts">
      <metrics statements="8" coveredstatements="8" conditionals="2" coveredconditionals="2" methods="2" coveredmethods="2"/>
      <line num="13" count="1" type="stmt"/>
      <line num="14" count="3" type="cond" truecount="2" falsecount="0"/>
      <line num="16" count="2" type="stmt"/>
      <line num="18" count="2" type="stmt"/>
      <line num="19" count="2" type="stmt"/>
      <line num="20" count="6" type="stmt"/>
      <line num="23" count="2" type="stmt"/>
      <line num="26" count="1" type="stmt"/>
    </file>
    <file name="AverageMean.ts" path="/home/phluxcoblt/prog/Javascript/Maths/AverageMean.ts">
      <metrics statements="6" coveredstatements="6" conditionals="0" coveredconditionals="0" methods="2" coveredmethods="2"/>
      <line num="20" count="1" type="stmt"/>
      <line num="21" count="2" type="stmt"/>
      <line num="23" count="8" type="stmt"/>
      <line num="25" count="2" type="stmt"/>
      <line num="26" count="2" type="stmt"/>
      <line num="29" count="1" type="stmt"/>
    </file>
    <file name="AverageMedian.ts" path="/home/phluxcoblt/prog/Javascript/Maths/AverageMedian.ts">
      <metrics statements="8" coveredstatements="8" conditionals="2" coveredconditionals="1" methods="2" coveredmethods="2"/>
      <line num="24" count="1" type="stmt"/>
      <line num="25" count="3" type="stmt"/>
      <line num="26" count="3" type="stmt"/>
      <line num="27" count="3" type="stmt"/>
      <line num="29" count="3" type="cond" truecount="1" falsecount="1"/>
      <line num="32" count="1" type="stmt"/>
      <line num="33" count="32" type="stmt"/>
      <line num="36" count="1" type="stmt"/>
    </file>
    <file name="BinaryConvert.ts" path="/home/phluxcoblt/prog/Javascript/Maths/BinaryConvert.ts">
      <metrics statements="8" coveredstatements="8" conditionals="2" coveredconditionals="2" methods="1" coveredmethods="1"/>
      <line num="8" count="1" type="stmt"/>
      <line num="9" count="3" type="stmt"/>
      <line num="11" count="3" type="cond" truecount="2" falsecount="0"/>
      <line num="12" count="1" type="stmt"/>
      <line num="14" count="2" type="stmt"/>
      <line num="15" count="8" type="stmt"/>
      <line num="16" count="2" type="stmt"/>
      <line num="23" count="1" type="stmt"/>
    </file>
    <file name="BinaryExponentiationIterative.ts" path="/home/phluxcoblt/prog/Javascript/Maths/BinaryExponentiationIterative.ts">
      <metrics statements="8" coveredstatements="8" conditionals="4" coveredconditionals="4" methods="1" coveredmethods="1"/>
      <line num="17" count="1" type="stmt"/>
      <line num="18" count="3" type="stmt"/>
      <line num="19" count="3" type="stmt"/>
      <line num="20" count="6" type="cond" truecount="2" falsecount="0"/>
      <line num="21" count="6" type="stmt"/>
      <line num="22" count="6" type="cond" truecount="2" falsecount="0"/>
      <line num="24" count="3" type="stmt"/>
      <line num="27" count="1" type="stmt"/>
    </file>
  </project>
</coverage>
