<?xml version="1.0" encoding="UTF-8"?>
<coverage generated="1627809045245" clover="3.2.0">
  <project timestamp="1627809045245" name="All files">
    <metrics statements="21" coveredstatements="21" conditionals="31" coveredconditionals="31" methods="11" coveredmethods="11" elements="63" coveredelements="63" complexity="0" loc="21" ncloc="21" packages="1" files="2" classes="2"/>
    <file name="Abs.ts" path="/home/phluxcoblt/prog/Javascript/Maths/Abs.ts">
      <metrics statements="1" coveredstatements="1" conditionals="2" coveredconditionals="2" methods="1" coveredmethods="1"/>
      <line num="19" count="2" type="cond" truecount="2" falsecount="0"/>
    </file>
    <file name="Area.ts" path="/home/phluxcoblt/prog/Javascript/Maths/Area.ts">
      <metrics statements="20" coveredstatements="20" conditionals="29" coveredconditionals="29" methods="10" coveredmethods="10"/>
      <line num="1" count="10" type="stmt"/>
      <line num="10" count="1" type="stmt"/>
      <line num="11" count="3" type="cond" truecount="2" falsecount="0"/>
      <line num="19" count="1" type="stmt"/>
      <line num="20" count="2" type="cond" truecount="2" falsecount="0"/>
      <line num="28" count="1" type="stmt"/>
      <line num="29" count="3" type="cond" truecount="4" falsecount="0"/>
      <line num="35" count="1" type="stmt"/>
      <line num="36" count="2" type="cond" truecount="2" falsecount="0"/>
      <line num="44" count="1" type="stmt"/>
      <line num="45" count="2" type="cond" truecount="4" falsecount="0"/>
      <line num="52" count="1" type="stmt"/>
      <line num="53" count="2" type="cond" truecount="4" falsecount="0"/>
      <line num="59" count="1" type="stmt"/>
      <line num="60" count="2" type="cond" truecount="5" falsecount="0"/>
      <line num="66" count="1" type="stmt"/>
      <line num="67" count="2" type="cond" truecount="2" falsecount="0"/>
      <line num="74" count="1" type="stmt"/>
      <line num="75" count="2" type="cond" truecount="4" falsecount="0"/>
      <line num="78" count="1" type="stmt"/>
    </file>
  </project>
</coverage>
