{"/home/phluxcoblt/prog/Javascript/Maths/Abs.ts": {"path":"/home/phluxcoblt/prog/Javascript/Maths/Abs.ts","statementMap":{"0":{"start":{"line":19,"column":22},"end":{"line":19,"column":67}},"1":{"start":{"line":19,"column":47},"end":{"line":19,"column":67}},"2":{"start":{"line":19,"column":13},"end":{"line":19,"column":22}}},"fnMap":{"0":{"name":"(anonymous_0)","decl":{"start":{"line":19,"column":22},"end":{"line":19,"column":23}},"loc":{"start":{"line":19,"column":47},"end":{"line":19,"column":67}}}},"branchMap":{"0":{"loc":{"start":{"line":19,"column":57},"end":{"line":19,"column":61}},"type":"cond-expr","locations":[{"start":{"line":19,"column":57},"end":{"line":19,"column":61}},{"start":{"line":19,"column":64},"end":{"line":19,"column":67}}]}},"s":{"0":1,"1":2,"2":1},"f":{"0":2},"b":{"0":[1,1]}}
,"/home/phluxcoblt/prog/Javascript/Maths/Area.ts": {"path":"/home/phluxcoblt/prog/Javascript/Maths/Area.ts","statementMap":{"0":{"start":{"line":1,"column":21},"end":{"line":1,"column":62}},"1":{"start":{"line":1,"column":28},"end":{"line":1,"column":62}},"2":{"start":{"line":10,"column":24},"end":{"line":12,"column":1}},"3":{"start":{"line":11,"column":2},"end":{"line":11,"column":null}},"4":{"start":{"line":78,"column":9},"end":{"line":78,"column":24}},"5":{"start":{"line":19,"column":26},"end":{"line":21,"column":1}},"6":{"start":{"line":20,"column":2},"end":{"line":20,"column":null}},"7":{"start":{"line":78,"column":26},"end":{"line":78,"column":43}},"8":{"start":{"line":28,"column":22},"end":{"line":30,"column":1}},"9":{"start":{"line":29,"column":2},"end":{"line":29,"column":null}},"10":{"start":{"line":78,"column":45},"end":{"line":78,"column":58}},"11":{"start":{"line":35,"column":19},"end":{"line":37,"column":1}},"12":{"start":{"line":36,"column":2},"end":{"line":36,"column":null}},"13":{"start":{"line":78,"column":60},"end":{"line":78,"column":70}},"14":{"start":{"line":44,"column":21},"end":{"line":46,"column":1}},"15":{"start":{"line":45,"column":2},"end":{"line":45,"column":null}},"16":{"start":{"line":78,"column":72},"end":{"line":78,"column":84}},"17":{"start":{"line":52,"column":26},"end":{"line":54,"column":1}},"18":{"start":{"line":53,"column":2},"end":{"line":53,"column":null}},"19":{"start":{"line":78,"column":86},"end":{"line":78,"column":103}},"20":{"start":{"line":59,"column":22},"end":{"line":61,"column":1}},"21":{"start":{"line":60,"column":2},"end":{"line":60,"column":null}},"22":{"start":{"line":78,"column":105},"end":{"line":78,"column":118}},"23":{"start":{"line":66,"column":19},"end":{"line":68,"column":1}},"24":{"start":{"line":67,"column":2},"end":{"line":67,"column":null}},"25":{"start":{"line":78,"column":120},"end":{"line":78,"column":130}},"26":{"start":{"line":74,"column":20},"end":{"line":76,"column":1}},"27":{"start":{"line":75,"column":2},"end":{"line":75,"column":null}},"28":{"start":{"line":78,"column":132},"end":{"line":78,"column":143}}},"fnMap":{"0":{"name":"(anonymous_0)","decl":{"start":{"line":1,"column":21},"end":{"line":1,"column":24}},"loc":{"start":{"line":1,"column":26},"end":{"line":1,"column":62}}},"1":{"name":"(anonymous_1)","decl":{"start":{"line":10,"column":24},"end":{"line":10,"column":25}},"loc":{"start":{"line":10,"column":55},"end":{"line":12,"column":1}}},"2":{"name":"(anonymous_2)","decl":{"start":{"line":19,"column":26},"end":{"line":19,"column":27}},"loc":{"start":{"line":19,"column":53},"end":{"line":21,"column":1}}},"3":{"name":"(anonymous_3)","decl":{"start":{"line":28,"column":22},"end":{"line":28,"column":23}},"loc":{"start":{"line":28,"column":64},"end":{"line":30,"column":1}}},"4":{"name":"(anonymous_4)","decl":{"start":{"line":35,"column":19},"end":{"line":35,"column":20}},"loc":{"start":{"line":35,"column":50},"end":{"line":37,"column":1}}},"5":{"name":"(anonymous_5)","decl":{"start":{"line":44,"column":21},"end":{"line":44,"column":22}},"loc":{"start":{"line":44,"column":62},"end":{"line":46,"column":1}}},"6":{"name":"(anonymous_6)","decl":{"start":{"line":52,"column":26},"end":{"line":52,"column":27}},"loc":{"start":{"line":52,"column":67},"end":{"line":54,"column":1}}},"7":{"name":"(anonymous_7)","decl":{"start":{"line":59,"column":22},"end":{"line":59,"column":23}},"loc":{"start":{"line":59,"column":79},"end":{"line":61,"column":1}}},"8":{"name":"(anonymous_8)","decl":{"start":{"line":66,"column":19},"end":{"line":66,"column":20}},"loc":{"start":{"line":66,"column":46},"end":{"line":68,"column":1}}},"9":{"name":"(anonymous_9)","decl":{"start":{"line":74,"column":20},"end":{"line":74,"column":21}},"loc":{"start":{"line":74,"column":69},"end":{"line":76,"column":1}}}},"branchMap":{"0":{"loc":{"start":{"line":11,"column":27},"end":{"line":11,"column":52}},"type":"cond-expr","locations":[{"start":{"line":11,"column":27},"end":{"line":11,"column":52}},{"start":{"line":11,"column":56},"end":{"line":11,"column":70}}]},"1":{"loc":{"start":{"line":20,"column":23},"end":{"line":20,"column":54}},"type":"cond-expr","locations":[{"start":{"line":20,"column":23},"end":{"line":20,"column":54}},{"start":{"line":20,"column":58},"end":{"line":20,"column":72}}]},"2":{"loc":{"start":{"line":29,"column":36},"end":{"line":29,"column":50}},"type":"cond-expr","locations":[{"start":{"line":29,"column":36},"end":{"line":29,"column":50}},{"start":{"line":29,"column":54},"end":{"line":29,"column":68}}]},"3":{"loc":{"start":{"line":29,"column":9},"end":{"line":29,"column":19}},"type":"binary-expr","locations":[{"start":{"line":29,"column":9},"end":{"line":29,"column":19}},{"start":{"line":29,"column":23},"end":{"line":29,"column":32}}]},"4":{"loc":{"start":{"line":36,"column":27},"end":{"line":36,"column":43}},"type":"cond-expr","locations":[{"start":{"line":36,"column":27},"end":{"line":36,"column":43}},{"start":{"line":36,"column":46},"end":{"line":36,"column":60}}]},"5":{"loc":{"start":{"line":45,"column":34},"end":{"line":45,"column":55}},"type":"cond-expr","locations":[{"start":{"line":45,"column":34},"end":{"line":45,"column":55}},{"start":{"line":45,"column":58},"end":{"line":45,"column":72}}]},"6":{"loc":{"start":{"line":45,"column":9},"end":{"line":45,"column":17}},"type":"binary-expr","locations":[{"start":{"line":45,"column":9},"end":{"line":45,"column":17}},{"start":{"line":45,"column":21},"end":{"line":45,"column":31}}]},"7":{"loc":{"start":{"line":53,"column":35},"end":{"line":53,"column":48}},"type":"cond-expr","locations":[{"start":{"line":53,"column":35},"end":{"line":53,"column":48}},{"start":{"line":53,"column":52},"end":{"line":53,"column":66}}]},"8":{"loc":{"start":{"line":53,"column":9},"end":{"line":53,"column":17}},"type":"binary-expr","locations":[{"start":{"line":53,"column":9},"end":{"line":53,"column":17}},{"start":{"line":53,"column":21},"end":{"line":53,"column":31}}]},"9":{"loc":{"start":{"line":60,"column":48},"end":{"line":60,"column":84}},"type":"cond-expr","locations":[{"start":{"line":60,"column":48},"end":{"line":60,"column":84}},{"start":{"line":60,"column":87},"end":{"line":60,"column":101}}]},"10":{"loc":{"start":{"line":60,"column":9},"end":{"line":60,"column":18}},"type":"binary-expr","locations":[{"start":{"line":60,"column":9},"end":{"line":60,"column":18}},{"start":{"line":60,"column":22},"end":{"line":60,"column":31}},{"start":{"line":60,"column":35},"end":{"line":60,"column":45}}]},"11":{"loc":{"start":{"line":67,"column":23},"end":{"line":67,"column":46}},"type":"cond-expr","locations":[{"start":{"line":67,"column":23},"end":{"line":67,"column":46}},{"start":{"line":67,"column":50},"end":{"line":67,"column":64}}]},"12":{"loc":{"start":{"line":75,"column":43},"end":{"line":75,"column":72}},"type":"cond-expr","locations":[{"start":{"line":75,"column":43},"end":{"line":75,"column":72}},{"start":{"line":75,"column":76},"end":{"line":75,"column":90}}]},"13":{"loc":{"start":{"line":75,"column":9},"end":{"line":75,"column":22}},"type":"binary-expr","locations":[{"start":{"line":75,"column":9},"end":{"line":75,"column":22}},{"start":{"line":75,"column":26},"end":{"line":75,"column":39}}]}},"s":{"0":1,"1":10,"2":1,"3":3,"4":1,"5":1,"6":2,"7":1,"8":1,"9":3,"10":1,"11":1,"12":2,"13":1,"14":1,"15":2,"16":1,"17":1,"18":2,"19":1,"20":1,"21":2,"22":1,"23":1,"24":2,"25":1,"26":1,"27":2,"28":1},"f":{"0":10,"1":3,"2":2,"3":3,"4":2,"5":2,"6":2,"7":2,"8":2,"9":2},"b":{"0":[2,1],"1":[1,1],"2":[1,2],"3":[3,2],"4":[1,1],"5":[1,1],"6":[2,1],"7":[1,1],"8":[2,1],"9":[1,1],"10":[2,1,1],"11":[1,1],"12":[1,1],"13":[2,2]}}
,"/home/phluxcoblt/prog/Javascript/Maths/ArmstrongNumber.ts": {"path":"/home/phluxcoblt/prog/Javascript/Maths/ArmstrongNumber.ts","statementMap":{"0":{"start":{"line":13,"column":24},"end":{"line":24,"column":1}},"1":{"start":{"line":14,"column":2},"end":{"line":14,"column":null}},"2":{"start":{"line":14,"column":15},"end":{"line":14,"column":null}},"3":{"start":{"line":16,"column":15},"end":{"line":16,"column":16}},"4":{"start":{"line":18,"column":17},"end":{"line":18,"column":41}},"5":{"start":{"line":19,"column":2},"end":{"line":21,"column":null}},"6":{"start":{"line":20,"column":4},"end":{"line":20,"column":null}},"7":{"start":{"line":23,"column":2},"end":{"line":23,"column":null}},"8":{"start":{"line":26,"column":9},"end":{"line":26,"column":24}}},"fnMap":{"0":{"name":"(anonymous_0)","decl":{"start":{"line":13,"column":24},"end":{"line":13,"column":25}},"loc":{"start":{"line":13,"column":49},"end":{"line":24,"column":1}}},"1":{"name":"(anonymous_1)","decl":{"start":{"line":19,"column":17},"end":{"line":19,"column":18}},"loc":{"start":{"line":19,"column":25},"end":{"line":21,"column":3}}}},"branchMap":{"0":{"loc":{"start":{"line":14,"column":2},"end":{"line":14,"column":null}},"type":"if","locations":[{"start":{"line":14,"column":2},"end":{"line":14,"column":null}},{"start":{"line":14,"column":2},"end":{"line":14,"column":null}}]}},"s":{"0":1,"1":3,"2":1,"3":2,"4":2,"5":2,"6":6,"7":2,"8":1},"f":{"0":3,"1":6},"b":{"0":[1,2]}}
,"/home/phluxcoblt/prog/Javascript/Maths/AverageMean.ts": {"path":"/home/phluxcoblt/prog/Javascript/Maths/AverageMean.ts","statementMap":{"0":{"start":{"line":20,"column":13},"end":{"line":27,"column":1}},"1":{"start":{"line":21,"column":20},"end":{"line":21,"column":21}},"2":{"start":{"line":23,"column":2},"end":{"line":23,"column":null}},"3":{"start":{"line":23,"column":26},"end":{"line":23,"column":40}},"4":{"start":{"line":25,"column":22},"end":{"line":25,"column":39}},"5":{"start":{"line":26,"column":2},"end":{"line":26,"column":null}},"6":{"start":{"line":29,"column":9},"end":{"line":29,"column":13}}},"fnMap":{"0":{"name":"(anonymous_0)","decl":{"start":{"line":20,"column":13},"end":{"line":20,"column":14}},"loc":{"start":{"line":20,"column":40},"end":{"line":27,"column":1}}},"1":{"name":"(anonymous_1)","decl":{"start":{"line":23,"column":15},"end":{"line":23,"column":22}},"loc":{"start":{"line":23,"column":26},"end":{"line":23,"column":40}}}},"branchMap":{},"s":{"0":1,"1":2,"2":2,"3":8,"4":2,"5":2,"6":1},"f":{"0":2,"1":8},"b":{}}
,"/home/phluxcoblt/prog/Javascript/Maths/AverageMedian.ts": {"path":"/home/phluxcoblt/prog/Javascript/Maths/AverageMedian.ts","statementMap":{"0":{"start":{"line":24,"column":22},"end":{"line":30,"column":1}},"1":{"start":{"line":25,"column":23},"end":{"line":25,"column":24}},"2":{"start":{"line":26,"column":28},"end":{"line":26,"column":42}},"3":{"start":{"line":27,"column":2},"end":{"line":27,"column":null}},"4":{"start":{"line":29,"column":2},"end":{"line":29,"column":null}},"5":{"start":{"line":36,"column":9},"end":{"line":36,"column":22}},"6":{"start":{"line":32,"column":20},"end":{"line":34,"column":1}},"7":{"start":{"line":33,"column":2},"end":{"line":33,"column":null}}},"fnMap":{"0":{"name":"(anonymous_0)","decl":{"start":{"line":24,"column":22},"end":{"line":24,"column":23}},"loc":{"start":{"line":24,"column":52},"end":{"line":30,"column":1}}},"1":{"name":"(anonymous_1)","decl":{"start":{"line":32,"column":20},"end":{"line":32,"column":21}},"loc":{"start":{"line":32,"column":51},"end":{"line":34,"column":1}}}},"branchMap":{"0":{"loc":{"start":{"line":29,"column":40},"end":{"line":29,"column":97}},"type":"cond-expr","locations":[{"start":{"line":29,"column":40},"end":{"line":29,"column":97}},{"start":{"line":29,"column":100},"end":{"line":29,"column":128}}]}},"s":{"0":1,"1":3,"2":3,"3":3,"4":3,"5":1,"6":1,"7":32},"f":{"0":3,"1":32},"b":{"0":[0,3]}}
,"/home/phluxcoblt/prog/Javascript/Maths/BinaryConvert.ts": {"path":"/home/phluxcoblt/prog/Javascript/Maths/BinaryConvert.ts","statementMap":{"0":{"start":{"line":8,"column":22},"end":{"line":21,"column":3}},"1":{"start":{"line":9,"column":17},"end":{"line":9,"column":19}},"2":{"start":{"line":11,"column":2},"end":{"line":18,"column":null}},"3":{"start":{"line":12,"column":4},"end":{"line":12,"column":null}},"4":{"start":{"line":14,"column":4},"end":{"line":16,"column":4}},"5":{"start":{"line":14,"column":25},"end":{"line":14,"column":27}},"6":{"start":{"line":15,"column":6},"end":{"line":15,"column":25}},"7":{"start":{"line":16,"column":4},"end":{"line":16,"column":null}},"8":{"start":{"line":23,"column":9},"end":{"line":23,"column":22}}},"fnMap":{"0":{"name":"(anonymous_0)","decl":{"start":{"line":8,"column":22},"end":{"line":8,"column":23}},"loc":{"start":{"line":8,"column":57},"end":{"line":21,"column":3}}}},"branchMap":{"0":{"loc":{"start":{"line":11,"column":2},"end":{"line":18,"column":null}},"type":"if","locations":[{"start":{"line":11,"column":2},"end":{"line":18,"column":null}},{"start":{"line":11,"column":2},"end":{"line":18,"column":null}}]}},"s":{"0":1,"1":3,"2":3,"3":1,"4":2,"5":2,"6":8,"7":2,"8":1},"f":{"0":3},"b":{"0":[1,2]}}
}
