{"/home/phluxcoblt/prog/Javascript/Maths/Abs.ts": {"path":"/home/phluxcoblt/prog/Javascript/Maths/Abs.ts","statementMap":{"0":{"start":{"line":19,"column":22},"end":{"line":21,"column":1}},"1":{"start":{"line":20,"column":2},"end":{"line":20,"column":null}},"2":{"start":{"line":19,"column":13},"end":{"line":19,"column":22}}},"fnMap":{"0":{"name":"(anonymous_0)","decl":{"start":{"line":19,"column":22},"end":{"line":19,"column":23}},"loc":{"start":{"line":19,"column":46},"end":{"line":21,"column":1}}}},"branchMap":{"0":{"loc":{"start":{"line":20,"column":19},"end":{"line":20,"column":23}},"type":"cond-expr","locations":[{"start":{"line":20,"column":19},"end":{"line":20,"column":23}},{"start":{"line":20,"column":26},"end":{"line":20,"column":29}}]}},"s":{"0":1,"1":2,"2":1},"f":{"0":2},"b":{"0":[1,1]}}
}
