TN:
SF:Maths/Abs.ts
FN:19,(anonymous_0)
FNF:1
FNH:1
FNDA:2,(anonymous_0)
DA:19,2
LF:1
LH:1
BRDA:19,0,0,1
BRDA:19,0,1,1
BRF:2
BRH:2
end_of_record
TN:
SF:Maths/Area.ts
FN:1,(anonymous_0)
FN:10,(anonymous_1)
FN:19,(anonymous_2)
FN:28,(anonymous_3)
FN:35,(anonymous_4)
FN:44,(anonymous_5)
FN:52,(anonymous_6)
FN:59,(anonymous_7)
FN:66,(anonymous_8)
FN:74,(anonymous_9)
FNF:10
FNH:10
FNDA:10,(anonymous_0)
FNDA:3,(anonymous_1)
FNDA:2,(anonymous_2)
FNDA:3,(anonymous_3)
FNDA:2,(anonymous_4)
FNDA:2,(anonymous_5)
FNDA:2,(anonymous_6)
FNDA:2,(anonymous_7)
FNDA:2,(anonymous_8)
FNDA:2,(anonymous_9)
DA:1,10
DA:10,1
DA:11,3
DA:19,1
DA:20,2
DA:28,1
DA:29,3
DA:35,1
DA:36,2
DA:44,1
DA:45,2
DA:52,1
DA:53,2
DA:59,1
DA:60,2
DA:66,1
DA:67,2
DA:74,1
DA:75,2
DA:78,1
LF:20
LH:20
BRDA:11,0,0,2
BRDA:11,0,1,1
BRDA:20,1,0,1
BRDA:20,1,1,1
BRDA:29,2,0,1
BRDA:29,2,1,2
BRDA:29,3,0,3
BRDA:29,3,1,2
BRDA:36,4,0,1
BRDA:36,4,1,1
BRDA:45,5,0,1
BRDA:45,5,1,1
BRDA:45,6,0,2
BRDA:45,6,1,1
BRDA:53,7,0,1
BRDA:53,7,1,1
BRDA:53,8,0,2
BRDA:53,8,1,1
BRDA:60,9,0,1
BRDA:60,9,1,1
BRDA:60,10,0,2
BRDA:60,10,1,1
BRDA:60,10,2,1
BRDA:67,11,0,1
BRDA:67,11,1,1
BRDA:75,12,0,1
BRDA:75,12,1,1
BRDA:75,13,0,2
BRDA:75,13,1,2
BRF:29
BRH:29
end_of_record
TN:
SF:Maths/ArmstrongNumber.ts
FN:13,(anonymous_0)
FN:19,(anonymous_1)
FNF:2
FNH:2
FNDA:3,(anonymous_0)
FNDA:6,(anonymous_1)
DA:13,1
DA:14,3
DA:16,2
DA:18,2
DA:19,2
DA:20,6
DA:23,2
DA:26,1
LF:8
LH:8
BRDA:14,0,0,1
BRDA:14,0,1,2
BRF:2
BRH:2
end_of_record
TN:
SF:Maths/AverageMean.ts
FN:20,(anonymous_0)
FN:23,(anonymous_1)
FNF:2
FNH:2
FNDA:2,(anonymous_0)
FNDA:8,(anonymous_1)
DA:20,1
DA:21,2
DA:23,8
DA:25,2
DA:26,2
DA:29,1
LF:6
LH:6
BRF:0
BRH:0
end_of_record
TN:
SF:Maths/AverageMedian.ts
FN:24,(anonymous_0)
FN:32,(anonymous_1)
FNF:2
FNH:2
FNDA:3,(anonymous_0)
FNDA:32,(anonymous_1)
DA:24,1
DA:25,3
DA:26,3
DA:27,3
DA:29,3
DA:32,1
DA:33,32
DA:36,1
LF:8
LH:8
BRDA:29,0,0,0
BRDA:29,0,1,3
BRF:2
BRH:1
end_of_record
TN:
SF:Maths/BinaryConvert.ts
FN:8,(anonymous_0)
FNF:1
FNH:1
FNDA:3,(anonymous_0)
DA:8,1
DA:9,3
DA:11,3
DA:12,1
DA:14,2
DA:15,8
DA:16,2
DA:23,1
LF:8
LH:8
BRDA:11,0,0,1
BRDA:11,0,1,2
BRF:2
BRH:2
end_of_record
TN:
SF:Maths/BinaryExponentiationIterative.ts
FN:17,(anonymous_0)
FNF:1
FNH:1
FNDA:3,(anonymous_0)
DA:17,1
DA:18,3
DA:19,3
DA:20,6
DA:21,6
DA:22,6
DA:24,3
DA:27,1
LF:8
LH:8
BRDA:20,0,0,5
BRDA:20,0,1,1
BRDA:22,1,0,4
BRDA:22,1,1,2
BRF:4
BRH:4
end_of_record
